<?xml version="1.0" encoding="UTF-8"?>
<!-- Generated by org.testng.reporters.JUnitXMLReporter -->
<testsuite ignored="0" hostname="Lean-PF4A4LC4" failures="0" tests="4" name="Surefire test" time="16.117" errors="0" timestamp="2025-05-01T20:23:26 GMT+03:00">
  <testcase classname="Tests.ProductTest" name="productAddedToCartSuccessfully" time="0.006"/>
  <testcase classname="Tests.SignupTest" name="userShouldNotRegisterWithExistingCred" time="3.022"/>
  <testcase classname="Tests.SignupTest" name="userShouldSignupSuccessfully" time="3.901"/>
  <testcase classname="Tests.LoginTest" name="userLoggedInSuccessfully" time="7.055"/>
</testsuite> <!-- Surefire test -->
