<?xml version="1.0" encoding="UTF-8"?>
<testng-results ignored="0" total="4" passed="4" failed="0" skipped="0">
  <reporter-output>
  </reporter-output>
  <suite started-at="2025-05-01T20:23:10 GMT+03:00" name="Surefire suite" finished-at="2025-05-01T20:23:26 GMT+03:00" duration-ms="16117">
    <groups>
    </groups>
    <test started-at="2025-05-01T20:23:10 GMT+03:00" name="Surefire test" finished-at="2025-05-01T20:23:26 GMT+03:00" duration-ms="16117">
      <class name="Tests.SignupTest">
        <test-method is-config="true" signature="openWebSite()[pri:0, instance:Tests.SignupTest@15043a2f]" started-at="2025-05-01T20:23:10 GMT+03:00" name="openWebSite" finished-at="2025-05-01T20:23:18 GMT+03:00" duration-ms="7277" status="PASS">
          <reporter-output>
          </reporter-output>
        </test-method> <!-- openWebSite -->
        <test-method is-config="true" signature="openWebSite()[pri:0, instance:Tests.SignupTest@15043a2f]" started-at="2025-05-01T20:23:10 GMT+03:00" name="openWebSite" finished-at="2025-05-01T20:23:19 GMT+03:00" duration-ms="8848" status="PASS">
          <reporter-output>
          </reporter-output>
        </test-method> <!-- openWebSite -->
        <test-method signature="userShouldNotRegisterWithExistingCred()[pri:1, instance:Tests.SignupTest@15043a2f]" started-at="2025-05-01T20:23:18 GMT+03:00" name="userShouldNotRegisterWithExistingCred" description="User can&#039;t login with invalid signup credentials" finished-at="2025-05-01T20:23:21 GMT+03:00" duration-ms="3022" status="PASS">
          <reporter-output>
          </reporter-output>
        </test-method> <!-- userShouldNotRegisterWithExistingCred -->
        <test-method signature="userShouldSignupSuccessfully()[pri:0, instance:Tests.SignupTest@15043a2f]" started-at="2025-05-01T20:23:19 GMT+03:00" name="userShouldSignupSuccessfully" description="User should login with valid signup credentials" finished-at="2025-05-01T20:23:23 GMT+03:00" duration-ms="3901" status="PASS">
          <reporter-output>
          </reporter-output>
        </test-method> <!-- userShouldSignupSuccessfully -->
        <test-method is-config="true" signature="takeScreenShotOnFailure(org.testng.ITestResult)[pri:0, instance:Tests.SignupTest@15043a2f]" started-at="2025-05-01T20:23:21 GMT+03:00" name="takeScreenShotOnFailure" finished-at="2025-05-01T20:23:21 GMT+03:00" duration-ms="1" status="PASS">
          <params>
            <param index="0">
              <value>
                <![CDATA[[TestResult name=userShouldNotRegisterWithExistingCred status=SUCCESS method=SignupTest.userShouldNotRegisterWithExistingCred()[pri:1, instance:Tests.SignupTest@15043a2f] output={null}]]]>
              </value>
            </param>
          </params>
          <reporter-output>
          </reporter-output>
        </test-method> <!-- takeScreenShotOnFailure -->
        <test-method is-config="true" signature="closeWebSite()[pri:0, instance:Tests.SignupTest@15043a2f]" started-at="2025-05-01T20:23:21 GMT+03:00" name="closeWebSite" finished-at="2025-05-01T20:23:23 GMT+03:00" depends-on-methods="Base.BaseTest.takeScreenShotOnFailure" duration-ms="1624" status="PASS">
          <reporter-output>
          </reporter-output>
        </test-method> <!-- closeWebSite -->
        <test-method is-config="true" signature="takeScreenShotOnFailure(org.testng.ITestResult)[pri:0, instance:Tests.SignupTest@15043a2f]" started-at="2025-05-01T20:23:23 GMT+03:00" name="takeScreenShotOnFailure" finished-at="2025-05-01T20:23:23 GMT+03:00" duration-ms="1" status="PASS">
          <params>
            <param index="0">
              <value>
                <![CDATA[[TestResult name=userShouldSignupSuccessfully status=SUCCESS method=SignupTest.userShouldSignupSuccessfully()[pri:0, instance:Tests.SignupTest@15043a2f] output={null}]]]>
              </value>
            </param>
          </params>
          <reporter-output>
          </reporter-output>
        </test-method> <!-- takeScreenShotOnFailure -->
        <test-method is-config="true" signature="closeWebSite()[pri:0, instance:Tests.SignupTest@15043a2f]" started-at="2025-05-01T20:23:23 GMT+03:00" name="closeWebSite" finished-at="2025-05-01T20:23:23 GMT+03:00" depends-on-methods="Base.BaseTest.takeScreenShotOnFailure" duration-ms="476" status="PASS">
          <reporter-output>
          </reporter-output>
        </test-method> <!-- closeWebSite -->
      </class> <!-- Tests.SignupTest -->
      <class name="Tests.ProductTest">
        <test-method is-config="true" signature="openWebSite()[pri:0, instance:Tests.ProductTest@4c60d6e9]" started-at="2025-05-01T20:23:10 GMT+03:00" name="openWebSite" finished-at="2025-05-01T20:23:20 GMT+03:00" duration-ms="9926" status="PASS">
          <reporter-output>
          </reporter-output>
        </test-method> <!-- openWebSite -->
        <test-method signature="productAddedToCartSuccessfully()[pri:0, instance:Tests.ProductTest@4c60d6e9]" started-at="2025-05-01T20:23:20 GMT+03:00" name="productAddedToCartSuccessfully" finished-at="2025-05-01T20:23:20 GMT+03:00" duration-ms="6" status="PASS">
          <reporter-output>
          </reporter-output>
        </test-method> <!-- productAddedToCartSuccessfully -->
        <test-method is-config="true" signature="takeScreenShotOnFailure(org.testng.ITestResult)[pri:0, instance:Tests.ProductTest@4c60d6e9]" started-at="2025-05-01T20:23:20 GMT+03:00" name="takeScreenShotOnFailure" finished-at="2025-05-01T20:23:20 GMT+03:00" duration-ms="28" status="PASS">
          <params>
            <param index="0">
              <value>
                <![CDATA[[TestResult name=productAddedToCartSuccessfully status=SUCCESS method=ProductTest.productAddedToCartSuccessfully()[pri:0, instance:Tests.ProductTest@4c60d6e9] output={null}]]]>
              </value>
            </param>
          </params>
          <reporter-output>
          </reporter-output>
        </test-method> <!-- takeScreenShotOnFailure -->
        <test-method is-config="true" signature="closeWebSite()[pri:0, instance:Tests.ProductTest@4c60d6e9]" started-at="2025-05-01T20:23:20 GMT+03:00" name="closeWebSite" finished-at="2025-05-01T20:23:24 GMT+03:00" depends-on-methods="Base.BaseTest.takeScreenShotOnFailure" duration-ms="3610" status="PASS">
          <reporter-output>
          </reporter-output>
        </test-method> <!-- closeWebSite -->
      </class> <!-- Tests.ProductTest -->
      <class name="Tests.LoginTest">
        <test-method is-config="true" signature="openWebSite()[pri:0, instance:Tests.LoginTest@712625fd]" started-at="2025-05-01T20:23:10 GMT+03:00" name="openWebSite" finished-at="2025-05-01T20:23:19 GMT+03:00" duration-ms="8426" status="PASS">
          <reporter-output>
          </reporter-output>
        </test-method> <!-- openWebSite -->
        <test-method signature="userLoggedInSuccessfully()[pri:0, instance:Tests.LoginTest@712625fd]" started-at="2025-05-01T20:23:19 GMT+03:00" name="userLoggedInSuccessfully" description="User can login successfully" finished-at="2025-05-01T20:23:26 GMT+03:00" duration-ms="7055" status="PASS">
          <reporter-output>
          </reporter-output>
        </test-method> <!-- userLoggedInSuccessfully -->
        <test-method is-config="true" signature="takeScreenShotOnFailure(org.testng.ITestResult)[pri:0, instance:Tests.LoginTest@712625fd]" started-at="2025-05-01T20:23:26 GMT+03:00" name="takeScreenShotOnFailure" finished-at="2025-05-01T20:23:26 GMT+03:00" duration-ms="1" status="PASS">
          <params>
            <param index="0">
              <value>
                <![CDATA[[TestResult name=userLoggedInSuccessfully status=SUCCESS method=LoginTest.userLoggedInSuccessfully()[pri:0, instance:Tests.LoginTest@712625fd] output={null}]]]>
              </value>
            </param>
          </params>
          <reporter-output>
          </reporter-output>
        </test-method> <!-- takeScreenShotOnFailure -->
        <test-method is-config="true" signature="closeWebSite()[pri:0, instance:Tests.LoginTest@712625fd]" started-at="2025-05-01T20:23:26 GMT+03:00" name="closeWebSite" finished-at="2025-05-01T20:23:26 GMT+03:00" depends-on-methods="Base.BaseTest.takeScreenShotOnFailure" duration-ms="545" status="PASS">
          <reporter-output>
          </reporter-output>
        </test-method> <!-- closeWebSite -->
      </class> <!-- Tests.LoginTest -->
    </test> <!-- Surefire test -->
  </suite> <!-- Surefire suite -->
</testng-results>
